<?xml version="1.0" encoding="UTF-8"?>
<!-- Generated by org.testng.reporters.JUnitReportReporter -->
<testsuite hostname="DESKTOP-1E9PTFA" failures="0" tests="2" name="Tests.AmazonTesecaseActions" time="97.544" errors="0" timestamp="2025-06-21T22:07:50 IST" skipped="0">
  <testcase classname="Tests.AmazonTesecaseActions" name="loginToAmazon" time="62.650"/>
  <system-out/>
  <testcase classname="Tests.AmazonTesecaseActions" name="productSearchtest" time="34.894"/>
  <system-out/>
</testsuite> <!-- Tests.AmazonTesecaseActions -->
