<?xml version="1.0" encoding="UTF-8"?>
<!-- Generated by org.testng.reporters.JUnitReportReporter -->
<testsuite hostname="DESKTOP-1E9PTFA" failures="0" tests="2" name="Tests.PriceAlert" time="21.346" errors="0" timestamp="2025-06-24T15:50:41 IST" skipped="0">
  <testcase classname="Tests.PriceAlert" name="loginToAmazon" time="4.700"/>
  <system-out/>
  <testcase classname="Tests.PriceAlert" name="productSearchtest" time="16.646"/>
  <system-out/>
</testsuite> <!-- Tests.PriceAlert -->
